[MASTER] Responsabile Mensa in avvio...
[CONFIG] Parametri caricati correttamente.
[MENU] Configurazione menu caricata correttamente.
[MASTER] Lancio di 2 gruppi di utenti...
[MASTER] In attesa dei figli per il via libera globale...
[OPERATORE] PID 105169: Initializzazione completata. Pronto.
[OPERATORE] PID 105170: Initializzazione completata. Pronto.
[OPERATORE] PID 105171: Initializzazione completata. Pronto.
[OPERATORE] PID 105172: Initializzazione completata. Pronto.
[OPERATORE] PID 105173: Initializzazione completata. Pronto.
[OPERATORE] PID 105176: Initializzazione completata. Pronto.
[OPERATORE] PID 105174: Initializzazione completata. Pronto.
[OPERATORE] PID 105177: Initializzazione completata. Pronto.
[MASTER] Barriera superata! Avvio simulazione.
[CASSIERE] PID 105179: Inizializzazione completata. Pronto.
[MASTER] Engine caricato. In attesa del comando di inizio ciclo...
[OPERATORE] PID 105175: Initializzazione completata. Pronto.
[OPERATORE] PID 105178: Initializzazione completata. Pronto.
[DEBUG] Utente PID 105184: Inizializzazione completata. Pronto.
[DEBUG] Utente PID 105181: Inizializzazione completata. Pronto.
[DEBUG] Utente PID 105183: Inizializzazione completata. Pronto.
[DEBUG] Utente PID 105188: Inizializzazione completata. Pronto.
[DEBUG] Utente PID 105189: Inizializzazione completata. Pronto.
[DEBUG] Utente PID 105185: Inizializzazione completata. Pronto.
[DEBUG] Utente PID 105187: Inizializzazione completata. Pronto.
[DEBUG] Utente PID 105186: Inizializzazione completata. Pronto.
[DEBUG] Utente PID 105182: Inizializzazione completata. Pronto.
[DEBUG] Utente PID 105190: Inizializzazione completata. Pronto.
[CASSIERE] PID 105180: Inizializzazione completata. Pronto.
[MASTER] Tutti i processi pronti per il giorno 1.
[MASTER] Stazioni rifornite per inizio giornata.
[OPERATORE] PID 105170: Inizio giornata 1.
[OPERATORE] PID 105169: Inizio giornata 1.
[OPERATORE] PID 105169: Postazione acquisita.
[OPERATORE] PID 105170: Postazione acquisita.
[OPERATORE] PID 105171: Inizio giornata 1.
[OPERATORE] PID 105171: Postazione acquisita.
[OPERATORE] PID 105172: Inizio giornata 1.
[OPERATORE] PID 105172: Postazione acquisita.
[OPERATORE] PID 105173: Inizio giornata 1.
[OPERATORE] PID 105173: Postazione acquisita.
[OPERATORE] PID 105174: Inizio giornata 1.
[OPERATORE] PID 105174: Postazione acquisita.
[OPERATORE] PID 105176: Inizio giornata 1.
[OPERATORE] PID 105177: Inizio giornata 1.
[OPERATORE] PID 105176: Postazione acquisita.
[OPERATORE] PID 105177: Postazione acquisita.
[CASSIERE] PID 105179: Inizio giornata 1.
[OPERATORE] PID 105178: Inizio giornata 1.
[OPERATORE] PID 105178: Postazione acquisita.
[OPERATORE] PID 105175: Inizio giornata 1.
[UTENTE] PID 105181: Inizio giornata 1.
[UTENTE] PID 105181: In coda per validazione ticket...
[OPERATORE] PID 105175: Postazione acquisita.
[UTENTE] PID 105184: Inizio giornata 1.
[UTENTE] PID 105184: In coda per validazione ticket...
[UTENTE] PID 105183: Inizio giornata 1.
[UTENTE] PID 105183: In coda per validazione ticket...
[UTENTE] PID 105188: Inizio giornata 1.
[UTENTE] PID 105188: In coda per validazione ticket...
[UTENTE] PID 105189: Inizio giornata 1.
[UTENTE] PID 105189: In coda per validazione ticket...
[UTENTE] PID 105185: Inizio giornata 1.
[UTENTE] PID 105185: In coda alla stazione Primi per il piatto 3.
[UTENTE] PID 105187: Inizio giornata 1.
[UTENTE] PID 105187: In coda per validazione ticket...
[UTENTE] PID 105186: Inizio giornata 1.
[UTENTE] PID 105181: Ticket validato.
[UTENTE] PID 105182: Inizio giornata 1.
[UTENTE] PID 105182: In coda per validazione ticket...
[UTENTE] PID 105181: In coda alla stazione Primi per il piatto 12.
[MASTER] Giorno 1: Cancello aperto. Inizio attività.
[UTENTE] PID 105190: Inizio giornata 1.
[UTENTE] PID 105186: In coda per validazione ticket...
[UTENTE] PID 105190: In coda alla stazione Primi per il piatto 16.
[CASSIERE] PID 105180: Inizio giornata 1.
[UTENTE] PID 105184: Ticket validato.
[UTENTE] PID 105188: Ticket validato.
[UTENTE] PID 105183: Ticket validato.
[UTENTE] PID 105184: In coda alla stazione Primi per il piatto 18.
[UTENTE] PID 105183: In coda alla stazione Primi per il piatto 13.
[UTENTE] PID 105188: In coda alla stazione Primi per il piatto 10.
[UTENTE] PID 105187: Ticket validato.
[UTENTE] PID 105187: In coda alla stazione Primi per il piatto 15.
[UTENTE] PID 105182: Ticket validato.
[UTENTE] PID 105189: Ticket validato.
[UTENTE] PID 105189: In coda alla stazione Primi per il piatto 6.
[UTENTE] PID 105186: Ticket validato.
[UTENTE] PID 105186: In coda alla stazione Primi per il piatto 2.
[UTENTE] PID 105182: In coda alla stazione Primi per il piatto 2.
[UTENTE] PID 105185: Ricevuto piatto index 3 dalla stazione.
[UTENTE] PID 105185: In coda alla stazione Secondi per il piatto 2.
[UTENTE] PID 105190: Ricevuto piatto index 16 dalla stazione.
[UTENTE] PID 105190: In coda alla stazione Secondi per il piatto 1.
[UTENTE] PID 105181: Ricevuto piatto index 12 dalla stazione.
[UTENTE] PID 105181: In coda alla stazione Secondi per il piatto 4.
[UTENTE] PID 105183: Ricevuto piatto index 13 dalla stazione.
[UTENTE] PID 105183: In coda alla stazione Secondi per il piatto 8.
[UTENTE] PID 105188: Ricevuto piatto index 10 dalla stazione.
[UTENTE] PID 105188: In coda alla stazione Secondi per il piatto 13.
[UTENTE] PID 105187: Ricevuto piatto index 15 dalla stazione.
[UTENTE] PID 105187: In coda alla stazione Secondi per il piatto 18.
[UTENTE] PID 105184: Ricevuto piatto index 18 dalla stazione.
[UTENTE] PID 105184: In coda alla stazione Secondi per il piatto 5.
[UTENTE] PID 105189: Ricevuto piatto index 6 dalla stazione.
[UTENTE] PID 105189: In coda alla stazione Secondi per il piatto 16.
[UTENTE] PID 105186: Ricevuto piatto index 2 dalla stazione.
[UTENTE] PID 105186: In coda alla stazione Secondi per il piatto 0.
[UTENTE] PID 105182: Ricevuto piatto index 2 dalla stazione.
[UTENTE] PID 105182: In coda alla stazione Secondi per il piatto 4.
[UTENTE] PID 105185: Ricevuto piatto index 2 dalla stazione.
[UTENTE] PID 105190: Ricevuto piatto index 1 dalla stazione.
[UTENTE] PID 105190: Attesa amici al meeting point...
[UTENTE] PID 105181: Ricevuto piatto index 4 dalla stazione.
[UTENTE] PID 105181: Attesa amici al meeting point...
[UTENTE] PID 105185: Attesa amici al meeting point...
[UTENTE] PID 105183: Ricevuto piatto index 8 dalla stazione.
[UTENTE] PID 105183: Attesa amici al meeting point...
[UTENTE] PID 105187: Ricevuto piatto index 18 dalla stazione.
[UTENTE] PID 105188: Ricevuto piatto index 13 dalla stazione.
[UTENTE] PID 105187: Attesa amici al meeting point...
[UTENTE] PID 105188: Attesa amici al meeting point...
[UTENTE] PID 105184: Ricevuto piatto index 5 dalla stazione.
[UTENTE] PID 105189: Ricevuto piatto index 16 dalla stazione.
[UTENTE] PID 105184: Attesa amici al meeting point...
[UTENTE] PID 105189: Attesa amici al meeting point...
[UTENTE] PID 105189: In coda alla Cassa (Piatti presi: 2)...
[UTENTE] PID 105190: In coda alla Cassa (Piatti presi: 2)...
[UTENTE] PID 105186: Ricevuto piatto index 0 dalla stazione.
[UTENTE] PID 105186: Attesa amici al meeting point...
[CASSIERE] PID 105180: Gestito Utente 105190. Incassato: 13.00 EUR.
[UTENTE] PID 105182: Ricevuto piatto index 4 dalla stazione.
[UTENTE] PID 105182: Attesa amici al meeting point...
[CASSIERE] PID 105179: Gestito Utente 105189. Incassato: 6.50 EUR.
[UTENTE] PID 105181: In coda alla Cassa (Piatti presi: 2)...
[UTENTE] PID 105185: In coda alla Cassa (Piatti presi: 2)...
[UTENTE] PID 105183: In coda alla Cassa (Piatti presi: 2)...
[UTENTE] PID 105187: In coda alla Cassa (Piatti presi: 2)...
[UTENTE] PID 105182: In coda alla Cassa (Piatti presi: 2)...
[UTENTE] PID 105188: In coda alla Cassa (Piatti presi: 2)...
[UTENTE] PID 105186: In coda alla Cassa (Piatti presi: 2)...
[UTENTE] PID 105184: In coda alla Cassa (Piatti presi: 2)...
[CASSIERE] PID 105180: Gestito Utente 105181. Incassato: 6.50 EUR.
[CASSIERE] PID 105179: Gestito Utente 105185. Incassato: 13.00 EUR.
[CASSIERE] PID 105180: Gestito Utente 105183. Incassato: 6.50 EUR.
[CASSIERE] PID 105179: Gestito Utente 105187. Incassato: 6.50 EUR.
[CASSIERE] PID 105180: Gestito Utente 105188. Incassato: 6.50 EUR.
[CASSIERE] PID 105179: Gestito Utente 105182. Incassato: 6.50 EUR.
[CASSIERE] PID 105179: Gestito Utente 105186. Incassato: 6.50 EUR.
[CASSIERE] PID 105180: Gestito Utente 105184. Incassato: 6.50 EUR.
[UTENTE] PID 105189: Pagamento completato. Ricevuto scontrino dal Cassiere.
[UTENTE] PID 105190: Pagamento completato. Ricevuto scontrino dal Cassiere.
[UTENTE] PID 105190: Attesa tavolo dal leader...
[UTENTE] PID 105189 (Leader): Prenoto tavolo per 2.
[UTENTE] PID 105181: Pagamento completato. Ricevuto scontrino dal Cassiere.
[UTENTE] PID 105183: Pagamento completato. Ricevuto scontrino dal Cassiere.
[UTENTE] PID 105183: Attesa tavolo dal leader...
[UTENTE] PID 105185: Pagamento completato. Ricevuto scontrino dal Cassiere.
[UTENTE] PID 105185: Attesa tavolo dal leader...
[UTENTE] PID 105182: Pagamento completato. Ricevuto scontrino dal Cassiere.
[UTENTE] PID 105181 (Leader): Prenoto tavolo per 8.
[UTENTE] PID 105182: Attesa tavolo dal leader...
[UTENTE] PID 105188: Pagamento completato. Ricevuto scontrino dal Cassiere.
[UTENTE] PID 105188: Attesa tavolo dal leader...
[UTENTE] PID 105186: Pagamento completato. Ricevuto scontrino dal Cassiere.
[UTENTE] PID 105186: Attesa tavolo dal leader...
[UTENTE] PID 105187: Pagamento completato. Ricevuto scontrino dal Cassiere.
[UTENTE] PID 105187: Attesa tavolo dal leader...
[UTENTE] PID 105184: Pagamento completato. Ricevuto scontrino dal Cassiere.
[UTENTE] PID 105184: Attesa tavolo dal leader...
[UTENTE] PID 105190: Pasto terminato.
[UTENTE] PID 105189: Pasto terminato.
[UTENTE] PID 105189: Coda Caffè/Dolce...
[UTENTE] PID 105189: In coda alla stazione Caffè per il piatto 2.
[UTENTE] PID 105190: Coda Caffè/Dolce...
[UTENTE] PID 105190: In coda alla stazione Caffè per il piatto 1.
[UTENTE] PID 105188: Pasto terminato.
[UTENTE] PID 105188: Coda Caffè/Dolce...
[UTENTE] PID 105188: In coda alla stazione Caffè per il piatto 3.
[UTENTE] PID 105181: Pasto terminato.
[UTENTE] PID 105181: Coda Caffè/Dolce...
[UTENTE] PID 105181: In coda alla stazione Caffè per il piatto 2.
[UTENTE] PID 105183: Pasto terminato.
[UTENTE] PID 105183: Coda Caffè/Dolce...
[UTENTE] PID 105183: In coda alla stazione Caffè per il piatto 1.
[UTENTE] PID 105186: Pasto terminato.
[UTENTE] PID 105186: Coda Caffè/Dolce...
[UTENTE] PID 105186: In coda alla stazione Caffè per il piatto 3.
[UTENTE] PID 105182: Pasto terminato.
[UTENTE] PID 105182: Coda Caffè/Dolce...
[UTENTE] PID 105182: In coda alla stazione Caffè per il piatto 2.
[UTENTE] PID 105185: Pasto terminato.
[UTENTE] PID 105185: Coda Caffè/Dolce...
[UTENTE] PID 105187: Pasto terminato.
[UTENTE] PID 105185: In coda alla stazione Caffè per il piatto 0.
[UTENTE] PID 105187: Coda Caffè/Dolce...
[UTENTE] PID 105187: In coda alla stazione Caffè per il piatto 1.
[UTENTE] PID 105184: Pasto terminato.
[UTENTE] PID 105184: Coda Caffè/Dolce...
[UTENTE] PID 105184: In coda alla stazione Caffè per il piatto 1.
[UTENTE] PID 105189: Ricevuto piatto index 2 dalla stazione.
[UTENTE] PID 105190: Ricevuto piatto index 1 dalla stazione.
[UTENTE] PID 105189: Uscita gruppo 1 completata.
[UTENTE] PID 105190: Uscita gruppo 1 completata.
[UTENTE] PID 105188: Ricevuto piatto index 3 dalla stazione.
[UTENTE] PID 105181: Ricevuto piatto index 2 dalla stazione.
[UTENTE] PID 105183: Ricevuto piatto index 1 dalla stazione.
[UTENTE] PID 105182: Ricevuto piatto index 2 dalla stazione.
[UTENTE] PID 105186: Ricevuto piatto index 3 dalla stazione.
[UTENTE] PID 105185: Ricevuto piatto index 0 dalla stazione.
[UTENTE] PID 105187: Ricevuto piatto index 1 dalla stazione.
[UTENTE] PID 105184: Ricevuto piatto index 1 dalla stazione.
[UTENTE] PID 105188: Uscita gruppo 0 completata.
[UTENTE] PID 105181: Uscita gruppo 0 completata.
[UTENTE] PID 105183: Uscita gruppo 0 completata.
[UTENTE] PID 105182: Uscita gruppo 0 completata.
[UTENTE] PID 105186: Uscita gruppo 0 completata.
[UTENTE] PID 105184: Uscita gruppo 0 completata.
[UTENTE] PID 105185: Uscita gruppo 0 completata.
[UTENTE] PID 105187: Uscita gruppo 0 completata.
[MASTER] Avvio ciclo di rifornimento stazioni...
[MASTER] Rifornimento completato.
[OPERATORE] PID 105172: Fine giornata, postazione rilasciata.
[OPERATORE] PID 105171: Fine giornata, postazione rilasciata.
[OPERATORE] PID 105169: Fine giornata, postazione rilasciata.
[OPERATORE] PID 105170: Fine giornata, postazione rilasciata.
[OPERATORE] PID 105176: Fine giornata, postazione rilasciata.
[OPERATORE] PID 105175: Fine giornata, postazione rilasciata.
[MASTER] Notifica di fine ciclo inviata a tutti i gruppi (Segnale: 12)
[OPERATORE] PID 105174: Fine giornata, postazione rilasciata.
[OPERATORE] PID 105173: Fine giornata, postazione rilasciata.
[OPERATORE] PID 105177: Fine giornata, postazione rilasciata.
